General
================================================================================
mschroeder@mozilla.x-home.org; 194
mkmelin+mozilla@iki.fi; 102
vseerror@fastmail.com; 58
geoff@thunderbird.net; 51
lasana@thunderbird.net; 29
paul@paulwmorris.com; 24
mz+bugzilla@px.in.ua; 18
leftmostcat@gmail.com; 18
richard.marti@gmail.com; 18
wls220spring@gmail.com; 13
khushil324@gmail.com; 12
ssitter@gmail.com; 8
alessandro@thunderbird.net; 6
remotenonsense@gmail.com; 6
philipp@bugzilla.kewis.ch; 6
thee.chicago.wolf@gmail.com; 6
bugzilla2007@duellmann24.net; 5
lopezibanez@gmail.com; 4
rob@thunderbird.net; 3
sancus@pobox.com; 3
standard8@mozilla.com; 3
jminta@gmail.com; 2
mikeypotter@yahoo.com; 2
elizabeth@thunderbird.net; 2
makemyday@gmx-topmail.de; 2
richard.leger@gmail.com; 2
u621419@disabled.tld; 2
psychonaut@nothingisreal.com; 2
longsonr@gmail.com; 2
kaie@kuix.de; 2
ben.bucksch@beonex.com; 2
henry@torproject.org; 2
subbaraman.kiran@gmail.com; 2
adrien.rybarczyk@fiducial.net; 2
john@thunderbird.net; 2
bvdbos@gmail.com; 1
philmsgs@gmail.com; 1
i2nm5ho7a@relay.firefox.com; 1
t.matsuu@gmail.com; 1
bokeefe@alum.wpi.edu; 1
ronan@jouchet.fr; 1
aryx.bugmail@gmx-topmail.de; 1
ovari123@zoho.com; 1
m_kato@ga2.so-net.ne.jp; 1
judos@gmx.ch; 1
mozilla@misc.lka.org.lu; 1
sjw+bugzilla@posteo.net; 1
celeha@5sun.net; 1
tim@tim-passingham.co.uk; 1
benc@thunderbird.net; 1
kerry@flatline-studios.com; 1
urban@xiala.net; 1
teccie@shared-files.de; 1
graham@smiths.org.uk; 1
luca.moscato@gmail.com; 1
abdulrahmanharoon18@gmail.com; 1
guy.cremer@gmx.net; 1
sid@zurich.ibm.com; 1
pieter.breugelmans@oracle.com; 1
tim.chambers1968@gmail.com; 1
croberts.chuck@att.net; 1
cas@altlinux.org; 1
npa@mailoo.org; 1
apollo11@libertymail.net; 1
a9016009@gmx.de; 1
jeffreybruton@yahoo.com; 1
infofrommozilla@gmail.com; 1
doka@funlab.cc; 1
yuilytg7@gmail.com; 1
release-mgmt-account-bot@mozilla.tld; 1
celian.godefroid@kalytis.gg; 1
uqixoneg@looksecure.net; 1
6f4f5f10-ede1-4906-9947-07c4d52e2c38@anonaddy.me; 1
leo@halb12.de; 1
emilio@crisal.io; 1
abonnements@revolwear.com; 1
betterbird.project@gmail.com; 1
bugzilla.mozilla.org@meichthys.com; 1
vineet@thunderbird.net; 1
info@juergenhoermann.de; 1


Internal Components
================================================================================
geoff@thunderbird.net; 21
mkmelin+mozilla@iki.fi; 17
mschroeder@mozilla.x-home.org; 15
leftmostcat@gmail.com; 9
lasana@thunderbird.net; 8
philipp@bugzilla.kewis.ch; 7
paul@paulwmorris.com; 3
neil@httl.net; 3
remotenonsense@gmail.com; 2
sebo.moz@googlemail.com; 1
berend.cornelius09@gmail.com; 1
mattwillis@gmail.com; 1
dbo.moz@boelzle.org; 1
vseerror@fastmail.com; 1
khushil324@gmail.com; 1
bv1578@gmail.com; 1
makemyday@gmx-topmail.de; 1
kaie@kuix.de; 1
jorgk-bmo@jorgk.com; 1
bugzilla@arge-metallguss.de; 1
public@rsjtdrjgfuzkfg.com; 1
iannbugzilla@gmail.com; 1


Import and Export
================================================================================
mschroeder@mozilla.x-home.org; 25
geoff@thunderbird.net; 9
mkmelin+mozilla@iki.fi; 7
vseerror@fastmail.com; 2
philipp@bugzilla.kewis.ch; 2
lasana@thunderbird.net; 2
bugzilla2007@duellmann24.net; 2
josselin.dulac@laposte.net; 1
remotenonsense@gmail.com; 1
public@rsjtdrjgfuzkfg.com; 1
a9016009@gmx.de; 1


Sunbird Only
================================================================================
mikeypotter@yahoo.com; 1
jminta@gmail.com; 1


Preferences
================================================================================
mschroeder@mozilla.x-home.org; 14
geoff@thunderbird.net; 6
leftmostcat@gmail.com; 2
mkmelin+mozilla@iki.fi; 2
ssitter@gmail.com; 1
wls220spring@gmail.com; 1
richard.marti@gmail.com; 1


Provider: ICS/WebDAV
================================================================================
mschroeder@mozilla.x-home.org; 17
leftmostcat@gmail.com; 6
mkmelin+mozilla@iki.fi; 5
geoff@thunderbird.net; 5
vseerror@fastmail.com; 4
lasana@thunderbird.net; 3
mz+bugzilla@px.in.ua; 2
philipp@bugzilla.kewis.ch; 1
sebo.moz@googlemail.com; 1
bugzilla@babylonsounds.com; 1
remotenonsense@gmail.com; 1
bugzilla2007@duellmann24.net; 1
ssitter@gmail.com; 1
dino.sardelic@live.com; 1
mozilla@Weilbacher.org; 1
psychonaut@nothingisreal.com; 1


Alarms
================================================================================
mz+bugzilla@px.in.ua; 21
vseerror@fastmail.com; 15
mschroeder@mozilla.x-home.org; 11
lasana@thunderbird.net; 9
philipp@bugzilla.kewis.ch; 4
wls220spring@gmail.com; 4
mkmelin+mozilla@iki.fi; 4
emilio@crisal.io; 4
richard.marti@gmail.com; 3
thee.chicago.wolf@gmail.com; 2
geoff.j.lawrence@gmail.com; 1
makemyday@gmx-topmail.de; 1
nth10sd@gmail.com; 1
sancus@pobox.com; 1
ynoxia@yahoo.it; 1
krusea@aol.com; 1
gbolger@bojac.eu; 1
u670291@disabled.tld; 1
pol2095@free.fr; 1
geoff@thunderbird.net; 1
okiegerm@posteo.net; 1
adrien.rybarczyk@fiducial.net; 1
bugzilla2007@duellmann24.net; 1


Lightning Only
================================================================================
mschroeder@mozilla.x-home.org; 49
vseerror@fastmail.com; 5
philipp@bugzilla.kewis.ch; 3
mkmelin+mozilla@iki.fi; 3
geoff@thunderbird.net; 2
wls220spring@gmail.com; 1
makemyday@gmx-topmail.de; 1
mz+bugzilla@px.in.ua; 1
ssitter@gmail.com; 1
kats@bugmash.staktrace.com; 1
giermann@funke.de; 1
matthew.mecca@gmail.com; 1
nath-oedek@netcologne.de; 1
walker_s@hotmail.co.uk; 1


Dialogs
================================================================================
mschroeder@mozilla.x-home.org; 56
geoff@thunderbird.net; 30
mkmelin+mozilla@iki.fi; 22
lasana@thunderbird.net; 19
richard.marti@gmail.com; 13
adrien.rybarczyk@fiducial.net; 10
bugzilla2007@duellmann24.net; 8
elizabeth@thunderbird.net; 8
khushil324@gmail.com; 8
ben.bucksch@beonex.com; 8
paul@paulwmorris.com; 7
vseerror@fastmail.com; 5
alessandro@thunderbird.net; 5
leftmostcat@gmail.com; 4
wls220spring@gmail.com; 3
philipp@bugzilla.kewis.ch; 2
eghbalniakian@gmail.com; 2
makemyday@gmx-topmail.de; 2
neil@httl.net; 2
mails.bugzilla.mozilla.org@gunter.ohrner.net; 2
vineet@thunderbird.net; 2
ssitter@gmail.com; 1
sancus@pobox.com; 1
bv1578@gmail.com; 1
ovari123@zoho.com; 1
rjhansen075@gmail.com; 1
info@webdesign-giering.de; 1
jorgk-bmo@jorgk.com; 1
benjamin@thunderbird.net; 1
daniel.armbrust.list@gmail.com; 1
mz+bugzilla@px.in.ua; 1
john@home.michalon.eu; 1
pqq23@nekot.net; 1
sossami3884@gmail.com; 1
psychonaut@nothingisreal.com; 1
steve@domesticsecurity.com.au; 1
remotenonsense@gmail.com; 1
landry@openbsd.org; 1
rachel@betterbird.eu; 1
ewl+mozilla@lavar.de; 1
rob@thunderbird.net; 1
lukas.meuerer@gmail.com; 1


Provider: CalDAV
================================================================================
geoff@thunderbird.net; 25
mschroeder@mozilla.x-home.org; 23
mkmelin+mozilla@iki.fi; 21
vseerror@fastmail.com; 14
mz+bugzilla@px.in.ua; 13
lasana@thunderbird.net; 8
paul@paulwmorris.com; 5
dpa-mozilla@aegee.org; 5
leftmostcat@gmail.com; 4
sancus@pobox.com; 4
philipp@bugzilla.kewis.ch; 3
remotenonsense@gmail.com; 3
john@thunderbird.net; 2
thee.chicago.wolf@gmail.com; 2
browning@uwalumni.com; 1
doka@funlab.cc; 1
matze112@gmx.net; 1
edv@gruene.de; 1
bugzilla2007@duellmann24.net; 1
wls220spring@gmail.com; 1
emilio@crisal.io; 1
kocian@di.unipi.it; 1
ben.bucksch@beonex.com; 1
frederick888@tsundere.moe; 1
josselin.dulac@laposte.net; 1
landry@openbsd.org; 1
michele.roveda@gmail.com; 1
anjeyelf@btinternet.com; 1
m1027@posteo.net; 1
adrien.rybarczyk@fiducial.net; 1
advberk@gmail.com; 1
de.berberich@icloud.com; 1
t.fedder@gmx.de; 1
kjatwork@gmx.net; 1
flusheddata@gmail.com; 1
tymcik@mail.de; 1
richard.leger@gmail.com; 1
rorobubu@web.de; 1
mozilla@nerdbynature.de; 1
zyrixx@gmx.net; 1
sysadmin@or.uni-bonn.de; 1


Calendar Frontend
================================================================================
mschroeder@mozilla.x-home.org; 118
geoff@thunderbird.net; 73
mkmelin+mozilla@iki.fi; 33
henry@torproject.org; 21
richard.marti@gmail.com; 19
solange@thunderbird.net; 18
vseerror@fastmail.com; 17
elizabeth@thunderbird.net; 12
lasana@thunderbird.net; 11
alessandro@thunderbird.net; 10
bugzilla2007@duellmann24.net; 9
wls220spring@gmail.com; 8
leftmostcat@gmail.com; 6
micah@thunderbird.net; 6
martin@humanoids.be; 5
ssitter@gmail.com; 5
sancus@pobox.com; 4
philipp@bugzilla.kewis.ch; 3
adrien.rybarczyk@fiducial.net; 3
jamesrome@alum.mit.edu; 2
thee.chicago.wolf@gmail.com; 2
neil@httl.net; 2
pulsebot@bmo.tld; 2
john@thunderbird.net; 2
smaug@mozilla.com; 1
laurent@xulfr.org; 1
standard8@mozilla.com; 1
mozilla@felixmoeller.de; 1
weichen302@gmail.com; 1
khushil324@gmail.com; 1
ronan@jouchet.fr; 1
graham@smiths.org.uk; 1
paul@paulwmorris.com; 1
valentin@villenave.net; 1
paour@free.fr; 1
acdp@outlook.com; 1
info@siphalor.de; 1
kaie@kuix.de; 1
celian.godefroid@kalytis.gg; 1
mozilla@zz62.co.uk; 1
adm@prnet.info; 1
ishikawa@yk.rim.or.jp; 1
release-mgmt-account-bot@mozilla.tld; 1
bugzilla.mozilla.org@meichthys.com; 1
mz+bugzilla@px.in.ua; 1


Build Config
================================================================================
philipp@bugzilla.kewis.ch; 6
mschroeder@mozilla.x-home.org; 6
mkmelin+mozilla@iki.fi; 2
vseerror@fastmail.com; 1
pulsebot@bmo.tld; 1
frgrahl@gmx.net; 1
paul@paulwmorris.com; 1
ben.bucksch@beonex.com; 1


Printing
================================================================================
mschroeder@mozilla.x-home.org; 15
geoff@thunderbird.net; 13
mkmelin+mozilla@iki.fi; 3
bugzilla2007@duellmann24.net; 3
wls220spring@gmail.com; 2
philipp@bugzilla.kewis.ch; 1
yahoocbien-dev@yahoo.fr; 1
vseerror@fastmail.com; 1
shaikhsabiha153@gmail.com; 1
remotenonsense@gmail.com; 1


E-mail based Scheduling (iTIP/iMIP)
================================================================================
lasana@thunderbird.net; 50
mkmelin+mozilla@iki.fi; 29
mschroeder@mozilla.x-home.org; 13
geoff@thunderbird.net; 10
makemyday@gmx-topmail.de; 5
vseerror@fastmail.com; 4
jorgk-bmo@jorgk.com; 3
dbo.moz@boelzle.org; 2
philipp@bugzilla.kewis.ch; 2
je@johannes-endres.de; 2
paul@paulwmorris.com; 2
sancus@pobox.com; 2
rob@thunderbird.net; 2
cmtalbert@gmail.com; 1
dave@b-sharpmusic.com; 1
albert@scheiner.cc; 1
arshdkhn1@gmail.com; 1
richard.marti@gmail.com; 1
bugzilla2007@duellmann24.net; 1
john.smit@laposte.net; 1
john@thunderbird.net; 1
henry@torproject.org; 1
benc@thunderbird.net; 1
neil@httl.net; 1
mgautier@kymeria.fr; 1
ben.bucksch@beonex.com; 1
celian.godefroid@kalytis.gg; 1
damokles4-bugs@bits-fritz.de; 1
mz+bugzilla@px.in.ua; 1
hvbakel@gmail.com; 1
git.girish.mattikop@gmail.com; 1
leftmostcat@gmail.com; 1
release-mgmt-account-bot@mozilla.tld; 1
brendan@thunderbird.net; 1
standard8@mozilla.com; 1


Provider: WCAP
================================================================================
philipp@bugzilla.kewis.ch; 1


Tasks
================================================================================
mschroeder@mozilla.x-home.org; 35
mkmelin+mozilla@iki.fi; 11
vseerror@fastmail.com; 6
lasana@thunderbird.net; 4
geoff@thunderbird.net; 3
richard.marti@gmail.com; 2
ssitter@gmail.com; 1
paul@paulwmorris.com; 1
nickeforos@gmail.com; 1
forum.news@gmx.de; 1
jwschuetz1954@icloud.com; 1
c.holtermann@gmx.de; 1
wls220spring@gmail.com; 1
bugzilla.mozilla.org@meichthys.com; 1
maxim.mvk@gmail.com; 1
maximartin@gmx.de; 1
bugzilla2007@duellmann24.net; 1
martin@humanoids.be; 1
nick@partofthething.com; 1
nikolay_nechaev@mail.ru; 1


Website
================================================================================
mschroeder@mozilla.x-home.org; 30
mkmelin+mozilla@iki.fi; 3
bugzilla@nospam.sorenp.com; 1
lightning-kalender@xyz.de; 1
philipp@bugzilla.kewis.ch; 1
phabcak@gmail.com; 1


Provider: Local Storage
================================================================================
geoff@thunderbird.net; 6
philipp@bugzilla.kewis.ch; 1
chris@birdiesync.com; 1
mschroeder@mozilla.x-home.org; 1
lasana@thunderbird.net; 1
ben.bucksch@beonex.com; 1
wls220spring@gmail.com; 1
neil@httl.net; 1
mkmelin+mozilla@iki.fi; 1


Lightning: SeaMonkey Integration
================================================================================
neil@httl.net; 1


OS Integration
================================================================================
mschroeder@mozilla.x-home.org; 1
richard.marti@gmail.com; 1


Provider: GData
================================================================================
philipp@bugzilla.kewis.ch; 11
vseerror@fastmail.com; 1


ICAL.js Integration
================================================================================
geoff@thunderbird.net; 16
leftmostcat@gmail.com; 5
mkmelin+mozilla@iki.fi; 4
lasana@thunderbird.net; 2
philipp@bugzilla.kewis.ch; 1
mschroeder@mozilla.x-home.org; 1
paul@paulwmorris.com; 1
standard8@mozilla.com; 1


Security
================================================================================
khushil324@gmail.com; 1


