Address Book
================================================================================
geoff@thunderbird.net; 184
mkmelin+mozilla@iki.fi; 93
vseerror@fastmail.com; 89
bugzilla2007@duellmann24.net; 74
alessandro@thunderbird.net; 35
remotenonsense@gmail.com; 20
u695164@disabled.tld; 19
mz+bugzilla@px.in.ua; 15
richard.marti@gmail.com; 15
henry@torproject.org; 12
chris.m.gaudry@gmail.com; 5
standard8@mozilla.com; 4
ovari123@zoho.com; 4
it@henk.com.au; 4
martin@humanoids.be; 4
mconley@mozilla.com; 3
benc@thunderbird.net; 3
lasana@thunderbird.net; 3
rob@thunderbird.net; 3
micah@thunderbird.net; 3
samuel.mueller@leven.ch; 2
mozilla.org@engmark.name; 2
jorgk-bmo@jorgk.com; 2
wls220spring@gmail.com; 2
john@thunderbird.net; 2
mitra_lists@mitra.biz; 2
elizabeth@thunderbird.net; 2
furyinbox@gmail.com; 1
gerv@mozilla.org; 1
iagosrl@gmail.com; 1
acelists@atlas.sk; 1
lopezibanez@gmail.com; 1
keunes@mailbox.org; 1
abdallah.khaled.ali.93@gmail.com; 1
iannbugzilla@gmail.com; 1
yuki@clear-code.com; 1
lilian.braud@protonmail.com; 1
florent.lagoda@univ-rennes2.fr; 1
marcausl@gmail.com; 1
d@fdseither.de; 1
andrewsolway@gmail.com; 1
ishikawa@yk.rim.or.jp; 1
eghbalniakian@gmail.com; 1
ryan@thunderbird.net; 1
firefox@parisel.net; 1
neil@httl.net; 1
rachel@betterbird.eu; 1
contact@dannycolin.com; 1
joel.madero@hotmail.com; 1
burkhard.schultheis@web.de; 1
christof.elmiger@fornat.ch; 1
peter.schlemihl@o2mail.de; 1
h1klopf@gmx.ch; 1
solange@thunderbird.net; 1
kaie@kuix.de; 1
cberlinger@heritagerd.net; 1


Message Reader UI
================================================================================
mkmelin+mozilla@iki.fi; 123
vseerror@fastmail.com; 118
bugzilla2007@duellmann24.net; 35
geoff@thunderbird.net; 34
alessandro@thunderbird.net; 22
richard.marti@gmail.com; 21
infofrommozilla@gmail.com; 17
mz+bugzilla@px.in.ua; 11
martin@humanoids.be; 8
standard8@mozilla.com; 7
a9016009@gmx.de; 5
wls220spring@gmail.com; 5
henry@torproject.org; 4
elizabeth@thunderbird.net; 4
john@thunderbird.net; 4
jorgk-bmo@jorgk.com; 4
kaie@kuix.de; 4
bugzilla@thunderbird-mail.de; 3
euryalus.0@gmail.com; 2
jonathan.protzenko@gmail.com; 2
alta88@fixall.com; 2
khushil324@gmail.com; 2
remotenonsense@gmail.com; 2
adrien.rybarczyk@fiducial.net; 2
soeren.hentzschel@googlemail.com; 2
h.w.forms@arcor.de; 2
ilmari.lauhakangas@libreoffice.org; 1
davida@mozillafoundation.org; 1
markus@fischer.name; 1
dmosedale@mozilla.com; 1
Nomis101@web.de; 1
daniel.trentman@gmail.com; 1
mschroeder@mozilla.x-home.org; 1
tobi@tobireif.com; 1
clara.guerrero@softvision.com; 1
emilio@crisal.io; 1
ak.bugzilla@posteo.de; 1
firefox@staznosti.sk; 1
carl.leceuvre@telenet.be; 1
buecher@optosolar.com; 1
chriechers@netscape.net; 1
kitchm@tutanota.com; 1
u677327@disabled.tld; 1
klaus.bartosch@gmail.com; 1
wieland.schwinger@jku.at; 1
bj@herbison.com; 1
alez@maetech.it; 1
rob@thunderbird.net; 1
jose@bmo.anonaddy.com; 1
u695164@disabled.tld; 1
koungho@gmail.com; 1
thee.chicago.wolf@gmail.com; 1
pulsebot@bmo.tld; 1
notebook22312@gmail.com; 1
kevin@kevinlocke.name; 1
lucien.gentis@univ-lorraine.fr; 1
nika@thelayzells.com; 1
tbertels+bugzilla@gmail.com; 1
timrude@hotmail.com; 1
oliver.brendel@inrae.fr; 1
twmoore3rd+bugzilla.mozilla.org@gmail.com; 1
leftmostcat@gmail.com; 1
rachel@betterbird.eu; 1
monochromec@gmail.com; 1
stepand76@gmail.com; 1
eprendergast@wpi.edu; 1
anothercoffee@gmail.com; 1
mermew@hotmail.com; 1
uzivatel919@seznam.cz; 1
masayuki@d-toybox.com; 1
solange@thunderbird.net; 1
owenwang2007@icloud.com; 1
david@subjectivist.org; 1
anjeyelf@btinternet.com; 1
amanita+BUGZILLA@mailbox.org; 1
Mozilla@Spratley.net; 1
brendan@thunderbird.net; 1


Account Manager
================================================================================
mkmelin+mozilla@iki.fi; 139
vseerror@fastmail.com; 110
alessandro@thunderbird.net; 42
geoff@thunderbird.net; 31
richard.marti@gmail.com; 22
bugzilla2007@duellmann24.net; 21
ben.bucksch@beonex.com; 21
remotenonsense@gmail.com; 14
khushil324@gmail.com; 13
mz+bugzilla@px.in.ua; 12
neil@httl.net; 7
gds@chartertn.net; 5
acelists@atlas.sk; 3
jorgk-bmo@jorgk.com; 3
wls220spring@gmail.com; 3
anjeyelf@btinternet.com; 3
vineet@thunderbird.net; 3
mozilla.nicolasweb@repeer.org; 2
mozilla@davidbienvenu.org; 2
kaie@kuix.de; 2
lilian.braud@protonmail.com; 2
david.ward@ll.mit.edu; 2
chriechers@netscape.net; 2
martin@humanoids.be; 2
gerv@mozilla.org; 1
benjamin@smedbergs.us; 1
khodadadeh@msn.com; 1
standard8@mozilla.com; 1
mconley@mozilla.com; 1
nvikram.iphone@gmail.com; 1
just@absorb.it; 1
balazs.kovacs@talokuntoon.fi; 1
es20490446e@gmail.com; 1
hylton@conacher.co.za; 1
vynum@hotmail.com; 1
coteco7872@mailon.ws; 1
lasana@thunderbird.net; 1
iannbugzilla@gmail.com; 1
konst@sirena2000.ru; 1
u635660@disabled.tld; 1
jane.noppe@free.fr; 1
u665984@disabled.tld; 1
dchmelik@gmail.com; 1
o.e.ekker@gmail.com; 1
a9016009@gmx.de; 1
fabstz-it@yahoo.fr; 1
sancus@pobox.com; 1
anonym@riseup.net; 1
noterdaeme@me.com; 1
bq2d7r6gyq@ebgj2.anonbox.net; 1
longsonr@gmail.com; 1
u677327@disabled.tld; 1
emilio@crisal.io; 1
dossy@panoptic.com; 1
dpa-mozilla@aegee.org; 1
aryx.bugmail@gmx-topmail.de; 1
ajt1047@gmail.com; 1
henry@torproject.org; 1
valentin@villenave.net; 1
release-mgmt-account-bot@mozilla.tld; 1
unicorn.consulting@gmail.com; 1
jaggana@gmail.com; 1
micah@thunderbird.net; 1
gm960420@ohio.edu; 1
mozilla@robm.fastmail.fm; 1
i2nm5ho7a@relay.firefox.com; 1
philipp.sutter@gmail.com; 1
leftmostcat@gmail.com; 1
errico.davide@gmail.com; 1
firefox@parisel.net; 1
h.w.forms@arcor.de; 1
chat.noir@arcor.de; 1
me@cimba.li; 1
dev@sartrack.nz; 1
aaron.w2@gmail.com; 1
ant.sobczyk@gmail.com; 1
petrushin-ruslanrus@yandex.ru; 1
dano-tbirdbugs@xernolan.org; 1
schvartzj@gmail.com; 1
cketti@thunderbird.net; 1


Mail Window Front End
================================================================================
vseerror@fastmail.com; 268
mkmelin+mozilla@iki.fi; 197
geoff@thunderbird.net; 90
richard.marti@gmail.com; 88
alessandro@thunderbird.net; 87
bugzilla2007@duellmann24.net; 55
mz+bugzilla@px.in.ua; 45
martin@humanoids.be; 26
remotenonsense@gmail.com; 24
micah@thunderbird.net; 17
elizabeth@thunderbird.net; 11
h.w.forms@arcor.de; 10
jorgk-bmo@jorgk.com; 9
john@thunderbird.net; 9
infofrommozilla@gmail.com; 8
standard8@mozilla.com; 8
mozilla@davidbienvenu.org; 6
gds@chartertn.net; 6
gerv@mozilla.org; 5
rob@thunderbird.net; 5
a9016009@gmx.de; 5
henry@torproject.org; 5
solange@thunderbird.net; 5
lasana@thunderbird.net; 4
mcow@well.com; 3
mscott@mozilla.org; 3
Pidgeot18@gmail.com; 3
thee.chicago.wolf@gmail.com; 3
brendan@thunderbird.net; 3
vineet@thunderbird.net; 3
ludovic@hirlimann.net; 2
euryalus.0@gmail.com; 2
jporterbugs@gmail.com; 2
ben.bucksch@beonex.com; 2
acelists@atlas.sk; 2
khushil324@gmail.com; 2
iannbugzilla@gmail.com; 2
perso@hack-libre.org; 2
unicorn.consulting@gmail.com; 2
calum.mackay@cdmnet.org; 2
longsonr@gmail.com; 2
mbw@uw.edu; 2
anjeyelf@btinternet.com; 2
chris.m.gaudry@gmail.com; 2
kaie@kuix.de; 2
peter.hunkeler@gmx.net; 2
user245@hotmail.com; 1
ratman@fastmail.fm; 1
klteuscher@gmail.com; 1
alexeyc2003@hotmail.com; 1
mnyromyr@tprac.de; 1
jonathan@f6design.com; 1
furyinbox@gmail.com; 1
ostgote@gmx.net; 1
samul@web.de; 1
jminta@gmail.com; 1
bugs@andreasn.se; 1
anh@pacbell.net; 1
bernie@codewiz.org; 1
solushex@gmail.com; 1
Nomis101@web.de; 1
gpascutto@mozilla.com; 1
foss@franjaru.com; 1
ovari123@zoho.com; 1
dillinger@kpnmail.nl; 1
arshdkhn1@gmail.com; 1
jik@kamens.us; 1
m.weghorn@posteo.de; 1
bugs.sugs@gmail.com; 1
bege10@t-online.de; 1
ishikawa@yk.rim.or.jp; 1
marco.zehe@proton.me; 1
hp.mob@free.fr; 1
bugzilla@chnutz.de; 1
paul@paulwmorris.com; 1
reibach@federa.de; 1
b3_web@web.de; 1
pulsebot@bmo.tld; 1
damien.d@gmx.com; 1
doredel.reg@gmail.com; 1
rjhansen075@gmail.com; 1
nikolaev.makc@gmail.com; 1
neil@httl.net; 1
willdanneriv@gmail.com; 1
tempoopmet@live.ca; 1
justdave@bugzilla.org; 1
steve@edmondsfamily.co.nz; 1
Nick_Levinson@yahoo.com; 1
daviswill048@icloud.com; 1
gessel@blackrosetech.com; 1
sebastian@1337lounge.de; 1
release-mgmt-account-bot@mozilla.tld; 1
bughit.github@gmail.com; 1
nc-duenkekl3@netcologne.de; 1
ebretscher@ymail.com; 1
wls220spring@gmail.com; 1
pmenzel+bugzilla.mozilla.org@molgen.mpg.de; 1
mozbugzilla2021@zetafleet.com; 1
avegaweiss@sdd.com.ar; 1
petrov@solid-it.ru; 1
jamesrome@alum.mit.edu; 1
johannes@nebulon.de; 1
david@subjectivist.org; 1
rachel@betterbird.eu; 1
jaise@rinac.com; 1
benc@thunderbird.net; 1
dough@ptera.net; 1
iwan@boska.mp; 1
t.zimmers@vodafonemail.de; 1
vitaminico@gmail.com; 1
docorbit@sonic.net; 1
bugseforuns@gmx.com; 1
itagagaki@gmail.com; 1
echen@mozilla.com; 1
bugzilla@schmudde.com; 1
matt.fagnani@bell.net; 1
shopik@inblock.ru; 1
gengyuwei@gmail.com; 1
mozilla.nicolasweb@repeer.org; 1
emilio@crisal.io; 1
ikey@thunderbird.net; 1
bj@herbison.com; 1
mitra_lists@mitra.biz; 1
chriechers@netscape.net; 1
d_king@xtra.co.nz; 1
gjunk1@sapience.com; 1
gordon.lack@dsl.pipex.com; 1
sancus@pobox.com; 1
allanh@vivaldi.net; 1
b4_mail@web.de; 1
erwinm@alumni.beloit.edu; 1
tim@tja.freeuk.com; 1
jayharlow@lmi.net; 1


Message Compose Window
================================================================================
vseerror@fastmail.com; 233
bugzilla2007@duellmann24.net; 194
mkmelin+mozilla@iki.fi; 188
alessandro@thunderbird.net; 101
richard.marti@gmail.com; 37
remotenonsense@gmail.com; 37
geoff@thunderbird.net; 34
jorgk-bmo@jorgk.com; 22
henry@torproject.org; 18
mz+bugzilla@px.in.ua; 12
infofrommozilla@gmail.com; 12
khushil324@gmail.com; 11
kaie@kuix.de; 11
thee.chicago.wolf@gmail.com; 7
lasana@thunderbird.net; 6
martin@humanoids.be; 6
wls220spring@gmail.com; 5
iannbugzilla@gmail.com; 4
john@thunderbird.net; 4
mozilla@davidbienvenu.org; 3
unicorn.consulting@gmail.com; 3
acelists@atlas.sk; 3
elizabeth@thunderbird.net; 3
a9016009@gmx.de; 3
anjeyelf@btinternet.com; 3
h.w.forms@arcor.de; 3
brendan@thunderbird.net; 3
gds@chartertn.net; 2
mcow@well.com; 2
ludovic@hirlimann.net; 2
euryalus.0@gmail.com; 2
jporterbugs@gmail.com; 2
standard8@mozilla.com; 2
aleth@instantbird.org; 2
ovari123@zoho.com; 2
gijskruitbosch+bugs@gmail.com; 2
lilian.braud@protonmail.com; 2
rob@thunderbird.net; 2
masayuki@d-toybox.com; 2
bob.lord@gmail.com; 1
gerv@mozilla.org; 1
chinmay_patel@ymail.com; 1
bugzilla@quilty.org; 1
jefdriesen@hotmail.com; 1
dlenne@web.de; 1
mscott@mozilla.org; 1
johan.plane@telia.com; 1
philringnalda@gmail.com; 1
Pidgeot18@gmail.com; 1
neil@httl.net; 1
bugzilla.mozilla.org@stephen.click; 1
bugzillamozillaorg_serge_20140323@gautherie.fr; 1
palswim+mozilla.org@palswim.net; 1
jsabash@bellatlantic.net; 1
firstpeterfourten@gmail.com; 1
wraithlike@gmail.com; 1
bblack@schwarze-elektronik.de; 1
jonas@lippuner.ca; 1
o.e.ekker@gmail.com; 1
thorstencoordes@gmail.com; 1
rsx11m.pub@gmail.com; 1
psychonaut@nothingisreal.com; 1
seifert@alesak.net; 1
pmenzel+bugzilla.mozilla.org@molgen.mpg.de; 1
arshdkhn1@gmail.com; 1
tbertels+bugzilla@gmail.com; 1
clokep@patrick.cloke.us; 1
jik@kamens.us; 1
w@hutson.gy; 1
jdethier@gmail.com; 1
simplafied@gmail.com; 1
calum.mackay@cdmnet.org; 1
dmccammishjr@gmail.com; 1
raal@post.cz; 1
rvaldes@labsys.com; 1
dveditz@mozilla.com; 1
Nomis101@web.de; 1
dag@bakke.com; 1
kees.van.oudenallen@outlook.com; 1
chriechers@netscape.net; 1
kevin@kevinlocke.name; 1
christof@rimle.ch; 1
jmcgrath@tutanota.com; 1
jack@pearson.onl; 1
tw@b-a-l-u.de; 1
joseph.de.viry@fiducial.net; 1
zorin@zorin.org; 1
tomign+mozilla@pm.me; 1
alfa146ti@arcor.de; 1
mitra_lists@mitra.biz; 1
randy@telecomsg.com; 1
gkovachev@gmail.com; 1
kanlukasz@gmail.com; 1
dminor@mozilla.com; 1
emilio@crisal.io; 1
cyberbeat@gmx.de; 1
hans@hansg.org; 1
alice0775@gmail.com; 1
release-mgmt-account-bot@mozilla.tld; 1
office@chricar.at; 1
jan@ikenmeyer.eu; 1
ian.graham@alumni.utoronto.ca; 1
axel.grude@gmail.com; 1
mauromol@tiscali.it; 1
costescuandrei@gmx.com; 1
yuequn.ma@gmx.com; 1
h.ans@gmx.at; 1
amanita+BUGZILLA@mailbox.org; 1
apavel@mozilla.com; 1
bugzilla.mozilla.org@meichthys.com; 1
emoore@fastmail.fm; 1
bugzilla@nic.slmail.me; 1
h.shirosaki@gmail.com; 1
gary@hooper.org; 1
u695164@disabled.tld; 1
damokles4-bugs@bits-fritz.de; 1
betterbird.project@gmail.com; 1
eugenijus.januskevicius@seniejitrakai.net; 1
jos@vandenoever.info; 1
jp.levy@laposte.net; 1
manuel1957@yahoo.com; 1
kraus.alessandro@gmail.com; 1
u717083@disabled.tld; 1
ljcool2006@gmail.com; 1
owenwang2007@icloud.com; 1
blund@fairpoint.net; 1
simpledark@gmail.com; 1
abelralmeida@gmail.com; 1
max.m@o2mail.de; 1
dm.stumpe@gmx.de; 1
acdp@outlook.com; 1
al.knepper@gmail.com; 1
hamim.al.fardin@gmail.com; 1


General
================================================================================
vseerror@fastmail.com; 391
mkmelin+mozilla@iki.fi; 295
geoff@thunderbird.net; 182
richard.marti@gmail.com; 57
bugzilla2007@duellmann24.net; 52
remotenonsense@gmail.com; 39
rob@thunderbird.net; 34
benc@thunderbird.net; 27
alessandro@thunderbird.net; 26
khushil324@gmail.com; 23
jorgk-bmo@jorgk.com; 22
mz+bugzilla@px.in.ua; 20
kaie@kuix.de; 11
john@thunderbird.net; 11
henry@torproject.org; 11
lasana@thunderbird.net; 10
Pidgeot18@gmail.com; 9
standard8@mozilla.com; 9
sancus@pobox.com; 9
emilio@crisal.io; 9
gds@chartertn.net; 8
leftmostcat@gmail.com; 8
martin@humanoids.be; 8
paul@paulwmorris.com; 7
unicorn.consulting@gmail.com; 6
a9016009@gmx.de; 6
thee.chicago.wolf@gmail.com; 5
acelists@atlas.sk; 5
daniel@thunderbird.net; 5
t.matsuu@gmail.com; 4
patrick@enigmail.net; 4
brendan@thunderbird.net; 4
gerv@mozilla.org; 3
philipp@bugzilla.kewis.ch; 3
alta88@fixall.com; 3
axel.grude@gmail.com; 3
ishikawa@yk.rim.or.jp; 3
wls220spring@gmail.com; 3
elizabeth@thunderbird.net; 3
infofrommozilla@gmail.com; 3
rachel@betterbird.eu; 3
release-mgmt-account-bot@mozilla.tld; 3
micah@thunderbird.net; 3
euryalus.0@gmail.com; 2
mozilla@davidbienvenu.org; 2
mcow@well.com; 2
ludovic@hirlimann.net; 2
florian@mozilla.com; 2
mozilla@kaply.com; 2
tokikuc@gmail.com; 2
gijskruitbosch+bugs@gmail.com; 2
ryan@thunderbird.net; 2
jan@ikenmeyer.eu; 2
neil@httl.net; 2
richard.leger@gmail.com; 2
anjeyelf@btinternet.com; 2
chriechers@netscape.net; 2
smolnar@mozilla.com; 2
diward@attglobal.net; 1
sarwilli@engineering.uiowa.edu; 1
bugzilla@fabiankoehler.de; 1
wei0@gmx.com; 1
linux.anas@gmail.com; 1
iannbugzilla@gmail.com; 1
jmichae3@yahoo.com; 1
h.w.forms@arcor.de; 1
0460f4mta@mozmail.com; 1
moz.valentin@gosu.se; 1
ovari123@zoho.com; 1
Nomis101@web.de; 1
psychonaut@nothingisreal.com; 1
mstanke@mozilla.cz; 1
arshdkhn1@gmail.com; 1
divinorumdevotee@gmail.com; 1
az@kth.se; 1
lecobra@videotron.qc.ca; 1
bugzilla@dblohm7.ca; 1
jdescottes@mozilla.com; 1
matt.woodrow@gmail.com; 1
gpascutto@mozilla.com; 1
inboxdc52@yahoo.com; 1
public@rsjtdrjgfuzkfg.com; 1
AndrejIT@rambler.ru; 1
albert@scheiner.cc; 1
continuation@gmail.com; 1
jya-moz@avenard.org; 1
a1291762@gmail.com; 1
tomek@cedro.info; 1
mozilla@muss.eu; 1
clokep@patrick.cloke.us; 1
lilian.braud@protonmail.com; 1
worcester12345@yahoo.com; 1
justdave@bugzilla.org; 1
chris.m.gaudry@gmail.com; 1
jwatt@jwatt.org; 1
chris@beefstew.net; 1
u695164@disabled.tld; 1
c.schoenert@t-online.de; 1
ali-savas@gmx.de; 1
csabou@mozilla.com; 1
smichaud@pobox.com; 1
kevin@kevinlocke.name; 1
mathew.hodson@gmail.com; 1
tom@mozilla.com; 1
pulsebot@bmo.tld; 1
absortis@gmail.com; 1
arai.unmht@gmail.com; 1
steve@kelem.net; 1
matt.fagnani@bell.net; 1
david@subjectivist.org; 1
les@lnm.me.uk; 1
celsopr@gmail.com; 1
jojojaner@hotmail.com; 1
volker.schmid@regify.com; 1
mconley@mozilla.com; 1
cpeterson@mozilla.com; 1
eprendergast@wpi.edu; 1
ikey@thunderbird.net; 1
max.m@o2mail.de; 1
betterbird.project@gmail.com; 1
vineet@thunderbird.net; 1
solange@thunderbird.net; 1
betterbird.project+5@gmail.com; 1
manuel@mozilla.com; 1
1mikemakuch+bugzilla@gmail.com; 1


Folder and Message Lists
================================================================================
vseerror@fastmail.com; 400
mkmelin+mozilla@iki.fi; 225
geoff@thunderbird.net; 147
alessandro@thunderbird.net; 134
mz+bugzilla@px.in.ua; 82
bugzilla2007@duellmann24.net; 61
richard.marti@gmail.com; 37
h.w.forms@arcor.de; 32
elizabeth@thunderbird.net; 30
gds@chartertn.net; 16
infofrommozilla@gmail.com; 15
micah@thunderbird.net; 13
solange@thunderbird.net; 13
jorgk-bmo@jorgk.com; 10
martin@humanoids.be; 8
anjeyelf@btinternet.com; 6
john@thunderbird.net; 5
mozilla.nicolasweb@repeer.org; 5
vineet@thunderbird.net; 5
leftmostcat@gmail.com; 5
emilio@crisal.io; 4
a9016009@gmx.de; 4
soeren.hentzschel@googlemail.com; 4
euryalus.0@gmail.com; 3
benc@thunderbird.net; 3
remotenonsense@gmail.com; 3
Pidgeot18@gmail.com; 2
bugzilla@thunderbird-mail.de; 2
ludovic@hirlimann.net; 2
bugzilla@nathantuggy.dev; 2
unicorn.consulting@gmail.com; 2
mitra_lists@mitra.biz; 2
aryx.bugmail@gmx-topmail.de; 2
acelists@atlas.sk; 2
VYV03354@nifty.ne.jp; 2
alta88@fixall.com; 2
thee.chicago.wolf@gmail.com; 2
sancus@pobox.com; 2
brendan@thunderbird.net; 2
standard8@mozilla.com; 2
phil@pchweb.co.uk; 2
grac@esbj.ch; 2
longsonr@gmail.com; 2
spamcop@tgos.net; 1
davida@mozillafoundation.org; 1
martin.monperrus@gmail.com; 1
justdave@bugzilla.org; 1
bugzilla@planet.nl; 1
jirislaby@gmail.com; 1
mozilla@davidbienvenu.org; 1
m-wada@usa.com; 1
lasana@thunderbird.net; 1
ishikawa@yk.rim.or.jp; 1
jporterbugs@gmail.com; 1
o.e.ekker@gmail.com; 1
marcausl@gmail.com; 1
dev@bachsau.com; 1
raysatiro@yahoo.com; 1
oliver.brendel@inrae.fr; 1
gnu4ever@netc.eu; 1
helmo@initfour.nl; 1
matthieu.dazy@gmail.com; 1
es20490446e@gmail.com; 1
pmenzel+bugzilla.mozilla.org@molgen.mpg.de; 1
lopezibanez@gmail.com; 1
debus@posteo.net; 1
itagagaki@gmail.com; 1
ben.bucksch@beonex.com; 1
foss@arnaud.link; 1
wls220spring@gmail.com; 1
rob@thunderbird.net; 1
khushil324@gmail.com; 1
Stefan_Lange_KA@T-Online.de; 1
kjell@rilbe.se; 1
marcl73@hotmail.com; 1
dminor@mozilla.com; 1
anonymousgamingbrothers@gmail.com; 1
stargate@dsuper.net; 1
nishi2015_1107@yahoo.co.jp; 1
rjhansen075@gmail.com; 1
henry@torproject.org; 1
robertkoza87@gmail.com; 1
goran.kavrecic@indea.si; 1
k.trzos@jazi.pl; 1
Nick_Levinson@yahoo.com; 1
erwinm@alumni.beloit.edu; 1
hg7@gmx.de; 1
kidservice@gmail.com; 1
david@mandelberg.org; 1
arthur@alum.calberkeley.org; 1
mte90net@gmail.com; 1
benjamin@overtag.dk; 1
wmbgzll@gmail.com; 1
bastian@senst.family; 1
bj@herbison.com; 1
uzivatel919@seznam.cz; 1
rjmacdonald@gmail.com; 1
awagner@mozilla.com; 1
dskirk@usa.net; 1
jamesmknott@att.net; 1
info@lamianuovaclio.it; 1
francesco.lodolo@gmail.com; 1
eacosta@ucla.edu; 1
firefox@staznosti.sk; 1
bartosz@algrim.pl; 1
tarazed25@gmail.com; 1
rcprior@fc.up.pt; 1
subbaraman.kiran@gmail.com; 1
mozilla@billsden.org; 1
calum.mackay@cdmnet.org; 1
timaeos@proton.me; 1
bugzilla.mozilla.org@meichthys.com; 1
hans109h@gmail.com; 1
mozilla@hseliger.eu; 1
stayopenmenu@gmail.com; 1
redux@splintered.co.uk; 1
polzin_spamprotect_@gmx.de; 1
bogdan.plonkowski@gmail.com; 1
release-mgmt-account-bot@mozilla.tld; 1
tkeswick@gmail.com; 1
acdp@outlook.com; 1
lepogam@gmail.com; 1
bowman@papendick.online; 1
yosukematsumura@gmail.com; 1
ssl@slabihoud.de; 1
jan-peter@ruehmann.name; 1
psychprod@gmail.com; 1
j.voda@seznam.cz; 1
giannis.epp@gmail.com; 1
adwoz@verizon.net; 1


Add-Ons: General
================================================================================
john@thunderbird.net; 104
mkmelin+mozilla@iki.fi; 43
geoff@thunderbird.net; 26
vseerror@fastmail.com; 20
sancus@pobox.com; 7
richard.marti@gmail.com; 5
unicorn.consulting@gmail.com; 4
jorgk-bmo@jorgk.com; 4
bugzilla2007@duellmann24.net; 4
rob@thunderbird.net; 3
standard8@mozilla.com; 3
wls220spring@gmail.com; 3
a9016009@gmx.de; 2
jporterbugs@gmail.com; 1
philipp@bugzilla.kewis.ch; 1
andrew.swan@gmail.com; 1
jik@kamens.us; 1
mz+bugzilla@px.in.ua; 1
jak_mailbox-misc@yahoo.com; 1
giant+github@mailbox.org; 1
olivier@grammalecte.net; 1
markus.burkert@gmx.net; 1
remotenonsense@gmail.com; 1
khushil324@gmail.com; 1
neil@httl.net; 1
aryx.bugmail@gmx-topmail.de; 1
soeren.hentzschel@googlemail.com; 1
alessandro@thunderbird.net; 1
longsonr@gmail.com; 1
rui.sergio.dinis@gmail.com; 1
schulz.alexander2002@gmail.com; 1
apavel@mozilla.com; 1
bugzilla@thunderbird-mail.de; 1
krs_random@protonmail.com; 1
kanlukasz@gmail.com; 1
janos.szentpali@outlook.com; 1
elizabeth@thunderbird.net; 1


Filters
================================================================================
vseerror@fastmail.com; 101
mkmelin+mozilla@iki.fi; 46
bugzilla2007@duellmann24.net; 16
mz+bugzilla@px.in.ua; 16
richard.marti@gmail.com; 6
remotenonsense@gmail.com; 6
acelists@atlas.sk; 4
wls220spring@gmail.com; 3
geoff@thunderbird.net; 3
infofrommozilla@gmail.com; 3
John.Mellor@gmail.com; 3
benc@thunderbird.net; 2
ishikawa@yk.rim.or.jp; 2
tschweikle@gmail.com; 2
solange@thunderbird.net; 2
jorgk-bmo@jorgk.com; 1
henry@torproject.org; 1
buecher@optosolar.com; 1
foss@arnaud.link; 1
longsonr@gmail.com; 1
klaus.bartosch@gmail.com; 1
thee.chicago.wolf@gmail.com; 1
abbGZcvu_bugzilla.mozilla.org@sxd.be; 1
orwel01@gmail.com; 1
mac3000@interia.pl; 1
kaie@kuix.de; 1
pablo@blueoakdb.com; 1
bugzilla@thunderbird-mail.de; 1
tbird.user@ultrakwik.com; 1
srrbvdwl@gmail.com; 1
daniel.svorc@gmail.com; 1
jeremy@jandmt.com; 1
rachel@betterbird.eu; 1
axel.grude@gmail.com; 1
hrdubwd@hku.hk; 1
alessandro@thunderbird.net; 1
design@cosmic-creations.net; 1
mozilla.nicolasweb@repeer.org; 1
a9016009@gmx.de; 1
nyquisteroux@gmail.com; 1


Security
================================================================================
mkmelin+mozilla@iki.fi; 133
vseerror@fastmail.com; 84
kaie@kuix.de; 35
mz+bugzilla@px.in.ua; 9
jorgk-bmo@jorgk.com; 8
gds@chartertn.net; 6
leftmostcat@gmail.com; 5
sancus@pobox.com; 5
bugzilla2007@duellmann24.net; 4
unicorn.consulting@gmail.com; 3
geoff@thunderbird.net; 3
ben.bucksch@beonex.com; 2
alessandro@thunderbird.net; 2
khushil324@gmail.com; 2
remotenonsense@gmail.com; 2
rob@thunderbird.net; 2
anjeyelf@btinternet.com; 2
dveditz@mozilla.com; 2
u677327@disabled.tld; 2
infofrommozilla@gmail.com; 2
longsonr@gmail.com; 2
richard.marti@gmail.com; 1
gerv@mozilla.org; 1
ray@raybooysen.com; 1
dkeeler@mozilla.com; 1
mozilla@davidbienvenu.org; 1
jsbruner@umich.edu; 1
curtisk@mozilla.com; 1
psychonaut@nothingisreal.com; 1
sam@robots.org.uk; 1
albill@gmail.com; 1
silenxer@gmail.com; 1
patrick@enigmail.net; 1
honzab.moz@firemni.cz; 1
bbeurdouche@mozilla.com; 1
roy-orbison@devo.net.au; 1
a9016009@gmx.de; 1
github@StudioBrandano.com; 1
u581815@disabled.tld; 1
chris@smowton.net; 1
herman.viaene@edpnet.be; 1
o.e.ekker@gmail.com; 1
it_support@savebybooking.com; 1
mike@ring0.cc; 1
ishikawa@yk.rim.or.jp; 1
neil@httl.net; 1
zaitcev@yahoo.com; 1
kidehen@openlinksw.com; 1
up2long@up2long.com; 1
jwoehr@softwoehr.com; 1
alextogus@gmail.com; 1
algopirin2005ftw@gmail.com; 1
emilio@crisal.io; 1
purevw@wtxs.net; 1
eric.valette@free.fr; 1
gschultz@scriptpro.com; 1
mbw@uw.edu; 1
landry@openbsd.org; 1
site-bugzilla@kingdread.de; 1
release-mgmt-account-bot@mozilla.tld; 1


OS Integration
================================================================================
vseerror@fastmail.com; 64
mkmelin+mozilla@iki.fi; 31
bugzilla2007@duellmann24.net; 17
remotenonsense@gmail.com; 14
mz+bugzilla@px.in.ua; 13
richard.marti@gmail.com; 10
alessandro@thunderbird.net; 5
benjamin@thunderbird.net; 4
rob@thunderbird.net; 4
unicorn.consulting@gmail.com; 3
geoff@thunderbird.net; 2
leftmostcat@gmail.com; 2
a9016009@gmx.de; 2
benjamin@smedbergs.us; 1
i2nm5ho7a@relay.firefox.com; 1
euryalus.0@gmail.com; 1
flore@ophiuchus.org; 1
ishikawa@yk.rim.or.jp; 1
acelists@atlas.sk; 1
ovari123@zoho.com; 1
hummer@fred.net; 1
john@thunderbird.net; 1
benc@thunderbird.net; 1
me@albertjuhe.com; 1
gds@chartertn.net; 1
firestormx2k@gmx.de; 1
belegdol@gmail.com; 1
seb128@ubuntu.com; 1
awilliamson@mozilla.com; 1
tokikuc@gmail.com; 1
dtownsend@mozilla.com; 1
aramir.great@gmail.com; 1
jeremy@jandmt.com; 1
u695164@disabled.tld; 1
rachel@betterbird.eu; 1
Thomas.Heinrich.Schmidt@googlemail.com; 1
celian.godefroid@kalytis.gg; 1
h.schroeter@pm.me; 1
jan@ikenmeyer.eu; 1
infofrommozilla@gmail.com; 1
n@monade.li; 1
daniel@thunderbird.net; 1
cberlinger@heritagerd.net; 1
john.guitarman@gmx.de; 1
jodelhodel32@gmail.com; 1
s0txcj+s0txcz@RokeJulianLockhart.AnonAddy.com; 1


Migration
================================================================================
vseerror@fastmail.com; 12
mz+bugzilla@px.in.ua; 3
geoff@thunderbird.net; 3
remotenonsense@gmail.com; 3
mkmelin+mozilla@iki.fi; 2
gerv@mozilla.org; 1
jorgk-bmo@jorgk.com; 1
ovari123@zoho.com; 1
moss@cs.umass.edu; 1
ishikawa@yk.rim.or.jp; 1
sticks80013@yahoo.com; 1
rob@thunderbird.net; 1
afranchuk@mozilla.com; 1
jlerner10@comcast.net; 1
brendan@thunderbird.net; 1


Preferences
================================================================================
mkmelin+mozilla@iki.fi; 68
vseerror@fastmail.com; 43
richard.marti@gmail.com; 41
bugzilla2007@duellmann24.net; 20
geoff@thunderbird.net; 12
alessandro@thunderbird.net; 9
khushil324@gmail.com; 7
remotenonsense@gmail.com; 7
jorgk-bmo@jorgk.com; 5
lasana@thunderbird.net; 4
mz+bugzilla@px.in.ua; 4
infofrommozilla@gmail.com; 4
mozilla.nicolasweb@repeer.org; 3
sancus@pobox.com; 3
rob@thunderbird.net; 3
mstanke@mozilla.cz; 2
ovari123@zoho.com; 2
martin@humanoids.be; 2
henry@torproject.org; 2
longsonr@gmail.com; 2
elizabeth@thunderbird.net; 2
leftmostcat@gmail.com; 2
h.w.forms@arcor.de; 2
ben.bucksch@beonex.com; 1
kaie@kuix.de; 1
hskupin@gmail.com; 1
euryalus.0@gmail.com; 1
philringnalda@gmail.com; 1
mozilla@davidbienvenu.org; 1
standard8@mozilla.com; 1
shopik@inblock.ru; 1
Pidgeot18@gmail.com; 1
rkent@caspia.com; 1
jporterbugs@gmail.com; 1
rootkea@gmail.com; 1
emoore@fastmail.fm; 1
ntim.bugs@gmail.com; 1
anjeyelf@btinternet.com; 1
segfault@riseup.net; 1
thomas.paetzold@magenta.de; 1
spyros_ladon@zoho.eu; 1
sebastian@aldusleaf.org; 1
gerardr@gresadi.com; 1
emilio@crisal.io; 1
u695164@disabled.tld; 1
soeren.hentzschel@googlemail.com; 1
fujitamasashi@googlemail.com; 1
roy.schrijver@outlook.com; 1
oskari.oksanen@gmail.com; 1
daniel@thunderbird.net; 1
john@thunderbird.net; 1
eprendergast@wpi.edu; 1
lifanovyaroslav@yandex.ru; 1


Search
================================================================================
vseerror@fastmail.com; 70
mkmelin+mozilla@iki.fi; 35
bugzilla2007@duellmann24.net; 13
alessandro@thunderbird.net; 11
h.w.forms@arcor.de; 9
mz+bugzilla@px.in.ua; 7
richard.marti@gmail.com; 7
infofrommozilla@gmail.com; 6
geoff@thunderbird.net; 6
jorgk-bmo@jorgk.com; 5
perso@hack-libre.org; 4
lasana@thunderbird.net; 4
wls220spring@gmail.com; 3
standard8@mozilla.com; 3
iannbugzilla@gmail.com; 2
rob@thunderbird.net; 2
sancus@pobox.com; 2
martin@humanoids.be; 2
alta88@fixall.com; 1
t.matsuu@gmail.com; 1
jporterbugs@gmail.com; 1
mozilla@davidbienvenu.org; 1
Nomis101@web.de; 1
rossi@hutzlprecm.com; 1
syshagarwal@gmail.com; 1
bugmail@asutherland.org; 1
mozdev2@caseyconnor.org; 1
jonas@lophus.org; 1
elizabeth@thunderbird.net; 1
rkent@caspia.com; 1
A.Finch@lancaster.ac.uk; 1
ovari123@zoho.com; 1
u620069@disabled.tld; 1
benc@thunderbird.net; 1
germano.massullo@gmail.com; 1
sexxxenator@gmail.com; 1
khushil324@gmail.com; 1
0460f4mta@mozmail.com; 1
anjeyelf@btinternet.com; 1
normal@fahr-zur-hoelle.org; 1
aryx.bugmail@gmx-topmail.de; 1
oliver.brendel@inrae.fr; 1
alice0775@gmail.com; 1
uzivatel919@seznam.cz; 1
rachel@betterbird.eu; 1
john@thunderbird.net; 1
jaise@rinac.com; 1
88@waqa.ae; 1
murray@murrayfreeman.com; 1
lopezibanez@gmail.com; 1
dietmar@czekay.org; 1
bugzilla.mozilla.org@meichthys.com; 1
christian.erll@gmail.com; 1


Theme
================================================================================
richard.marti@gmail.com; 510
alessandro@thunderbird.net; 61
vseerror@fastmail.com; 56
micah@thunderbird.net; 45
mkmelin+mozilla@iki.fi; 39
martin@humanoids.be; 18
bugzilla2007@duellmann24.net; 13
mz+bugzilla@px.in.ua; 11
emilio@crisal.io; 4
geoff@thunderbird.net; 4
ntim.bugs@gmail.com; 3
jsbruner@umich.edu; 2
marc.streckfuss@gmail.com; 2
mozilla.nicolasweb@repeer.org; 2
ams.h4ck3r@gmail.com; 1
jorgk-bmo@jorgk.com; 1
john@home.michalon.eu; 1
foss@arnaud.link; 1
benc@thunderbird.net; 1
perso@hack-libre.org; 1
pander@users.sourceforge.net; 1
euryalus.0@gmail.com; 1
fernm@posteo.de; 1
moz-bugzilla9541@qt-mail.com; 1
nishi2015_1107@yahoo.co.jp; 1
quadronom@gmail.com; 1
git@achimonline.de; 1
bugs@aking.id.au; 1
a9016009@gmx.de; 1
terry@beam.ltd.uk; 1
justdave@bugzilla.org; 1
john@thunderbird.net; 1
fw.smit01+github@gmail.com; 1
ratm6@free.fr; 1
mauromol@tiscali.it; 1
henry@torproject.org; 1
adrien.rybarczyk@fiducial.net; 1
t.matsuu@gmail.com; 1
emmanuel.sellier@verifrom.com; 1
celsopr@gmail.com; 1
msdn01@gmail.com; 1
vineet@thunderbird.net; 1
longsonr@gmail.com; 1
muktadir1280@gmail.com; 1
borut@onet.pl; 1


Build Config
================================================================================
rob@thunderbird.net; 352
daniel@thunderbird.net; 27
mkmelin+mozilla@iki.fi; 15
justdave@bugzilla.org; 13
geoff@thunderbird.net; 12
mozilla@hocat.ca; 4
richard.marti@gmail.com; 3
lasana@thunderbird.net; 3
vseerror@fastmail.com; 2
aleth@instantbird.org; 2
pulsebot@bmo.tld; 2
ewong@pw-wspx.org; 2
philipp@bugzilla.kewis.ch; 2
ishikawa@yk.rim.or.jp; 2
mh+mozilla@glandium.org; 2
martin@humanoids.be; 2
t.matsuu@gmail.com; 1
jorgk-bmo@jorgk.com; 1
mz+bugzilla@px.in.ua; 1
mozilla@escapewindow.com; 1
ahal@mozilla.com; 1
standard8@mozilla.com; 1
klaus.bartosch@gmail.com; 1
mhentges@mozilla.com; 1
petr.sumbera@oracle.com; 1
haftandilian@mozilla.com; 1
jeremie.pradet@thalesgroup.com; 1
a9016009@gmx.de; 1
alessandro@thunderbird.net; 1
iannbugzilla@gmail.com; 1
kaie@kuix.de; 1
heather@thunderbird.net; 1


Toolbars and Tabs
================================================================================
martin@humanoids.be; 77
vseerror@fastmail.com; 74
alessandro@thunderbird.net; 38
richard.marti@gmail.com; 30
mkmelin+mozilla@iki.fi; 29
bugzilla2007@duellmann24.net; 23
geoff@thunderbird.net; 16
micah@thunderbird.net; 14
john@thunderbird.net; 6
mz+bugzilla@px.in.ua; 6
henry@torproject.org; 5
solange@thunderbird.net; 3
vineet@thunderbird.net; 3
standard8@mozilla.com; 2
thee.chicago.wolf@gmail.com; 2
iannbugzilla@gmail.com; 2
elizabeth@thunderbird.net; 2
longsonr@gmail.com; 2
clarkbw@mozilla.com; 1
syshagarwal@gmail.com; 1
jporterbugs@gmail.com; 1
bugmail@asutherland.org; 1
guy.scala@gmail.com; 1
6mjjmugn96@snkmail.com; 1
ovari123@zoho.com; 1
dgutov@yandex.ru; 1
alta88@fixall.com; 1
mozilla@emigm.ax; 1
mulherje@gmail.com; 1
4slam@mythicflow.com; 1
klaus.bartosch@gmail.com; 1
kaie@kuix.de; 1
stephen.norris@gmx.com; 1
wls220spring@gmail.com; 1
mozilla@peterfab.com; 1
sancus@pobox.com; 1
larry@humorist.net; 1
rob@thunderbird.net; 1
cunio@poczta.onet.pl; 1
lejeunealban94@gmail.com; 1
hugo@whynothugo.nl; 1
unicorn.consulting@gmail.com; 1
h.w.forms@arcor.de; 1
tidjidi2@gmail.com; 1


Add-Ons: Extensions API
================================================================================
john@thunderbird.net; 417
geoff@thunderbird.net; 155
mkmelin+mozilla@iki.fi; 20
standard8@mozilla.com; 17
neil@httl.net; 5
martin@humanoids.be; 5
bugzilla2007@duellmann24.net; 4
alta88@fixall.com; 3
richard.marti@gmail.com; 3
remotenonsense@gmail.com; 2
philipp@bugzilla.kewis.ch; 2
dave@DaveRoyal.com; 2
buecher@optosolar.com; 2
aeng.aecreations@gmail.com; 2
kaie@kuix.de; 2
aryx.bugmail@gmx-topmail.de; 2
je@johannes-endres.de; 2
vseerror@fastmail.com; 2
emmanuel.sellier@verifrom.com; 2
michaelpopepublic@sent.com; 1
hermar05@web.de; 1
lance@jenkin.co.za; 1
jorgk-bmo@jorgk.com; 1
christian.gruemme@gmx.com; 1
bubuanabelas@cryptolab.net; 1
email@arndissler.net; 1
jon@than.ph; 1
pulsebot@bmo.tld; 1
helder@paxjulia.org; 1
masayuki@d-toybox.com; 1
lgreco@mozilla.com; 1
williamzijl7@hotmail.com; 1
jose@bmo.anonaddy.com; 1
code@lacamb.re; 1
itagagaki@gmail.com; 1
myaddons@gmx.de; 1


Installer
================================================================================
rob@thunderbird.net; 16
mkmelin+mozilla@iki.fi; 10
richard.marti@gmail.com; 9
vseerror@fastmail.com; 6
mz+bugzilla@px.in.ua; 4
bugzilla2007@duellmann24.net; 4
buecher@optosolar.com; 2
a9016009@gmx.de; 2
lilian.braud@protonmail.com; 1
jorgk-bmo@jorgk.com; 1
ben.bucksch@beonex.com; 1
remotenonsense@gmail.com; 1
T.Rijnsburger@Casema.NL; 1
solange@thunderbird.net; 1
longsonr@gmail.com; 1
siffe@fastmail.com; 1


Help Documentation
================================================================================
vseerror@fastmail.com; 5
mkmelin+mozilla@iki.fi; 3
sancus@pobox.com; 2
john@thunderbird.net; 1
tanyeejian@gmail.com; 1
mz+bugzilla@px.in.ua; 1
unicorn.consulting@gmail.com; 1
bugzilla2007@duellmann24.net; 1


FileLink
================================================================================
john@thunderbird.net; 51
mkmelin+mozilla@iki.fi; 16
geoff@thunderbird.net; 14
vseerror@fastmail.com; 5
remotenonsense@gmail.com; 4
je@johannes-endres.de; 2
clokep@patrick.cloke.us; 1
mozilla@kaply.com; 1
peci1@seznam.cz; 1
jorgk-bmo@jorgk.com; 1
wls220spring@gmail.com; 1
a9016009@gmx.de; 1
alessandro@thunderbird.net; 1
rygielski@ladelog-nord.de; 1
gds@chartertn.net; 1
mz+bugzilla@px.in.ua; 1
georges.tarel@free.fr; 1


Untriaged
================================================================================
vseerror@fastmail.com; 758
mkmelin+mozilla@iki.fi; 685
mz+bugzilla@px.in.ua; 222
wls220spring@gmail.com; 92
bugzilla2007@duellmann24.net; 51
a9016009@gmx.de; 49
infofrommozilla@gmail.com; 41
jorgk-bmo@jorgk.com; 38
remotenonsense@gmail.com; 31
unicorn.consulting@gmail.com; 26
anjeyelf@btinternet.com; 21
richard.marti@gmail.com; 18
longsonr@gmail.com; 17
h.w.forms@arcor.de; 13
alessandro@thunderbird.net; 11
benjamin@thunderbird.net; 8
sancus@pobox.com; 8
gds@chartertn.net; 7
release-mgmt-account-bot@mozilla.tld; 6
marcausl@gmail.com; 5
john@thunderbird.net; 5
kaie@kuix.de; 4
lopezibanez@gmail.com; 4
alta88@fixall.com; 4
geoff@thunderbird.net; 4
VYV03354@nifty.ne.jp; 4
dmccammishjr@gmail.com; 4
henry@torproject.org; 2
bugzilla@thunderbird-mail.de; 2
ben.bucksch@beonex.com; 2
post+mozilla@ralfj.de; 2
juraj.masiar@gmail.com; 2
dveditz@mozilla.com; 2
online@msgyver.com; 2
bugzilla@flammermann.de; 2
bdgregory@gmail.com; 2
solange@thunderbird.net; 2
db@t3kk.com; 2
iamlokanath.panda@gmail.com; 1
m-wada@usa.com; 1
jcv.devlink@gmail.com; 1
krichter@posteo.de; 1
acelists@atlas.sk; 1
nk0885@yahoo.fr; 1
thee.chicago.wolf@gmail.com; 1
ivanluiok@hotmail.com; 1
t.rother@netzwissen.de; 1
mozillabmw@lsmod.de; 1
g8796365@trbvm.com; 1
stefan.kanthak@nexgo.de; 1
carla.cannas@upschool.it; 1
jan.public@famvlug.nl; 1
github@arnowelzel.de; 1
kevin.paetzold@gmail.com; 1
ToddAndMargo@zoho.com; 1
john.allwein57@gmail.com; 1
divinorumdevotee@gmail.com; 1
mpc755@gmail.com; 1
buschmann@huessenbergnetz.de; 1
jcb@actisdirect.com; 1
fimdot@gmail.com; 1
github@tgice.com; 1
dave@DaveRoyal.com; 1
armin@fuerst.priv.at; 1
macnosy@jasik.com; 1
kira@tri-tail.com; 1
marcel.fontes@gmx.de; 1
monsorno-nospam@gmx.de; 1
github.com2@tird.de; 1
ku@digitaldolphins.jp; 1
dperrin9999@gmail.com; 1
support@evolution-hosting.eu; 1
cfogri1@aol.com; 1
miketm1986@gmail.com; 1
spt@mitre.org; 1
B.Candler@pobox.com; 1
sbads@pacbell.net; 1
jhg@acm.org; 1
sfaucher169@gmail.com; 1
daniel.trentman@gmail.com; 1
joseph.picone@gmail.com; 1
petr.sumbera@oracle.com; 1
vadbar13@yandex.ru; 1
dlenne@web.de; 1
serguei246@gmail.com; 1
gwingard@earthlink.net; 1
avariadopt@hotmail.com; 1
hammer@hammer-law.com; 1
t.matsuu@gmail.com; 1
blacklion@gmail.com; 1
steve@edmondsfamily.co.nz; 1
andrew@topazdevelopment.com; 1
cardbook.thunderbird@gmail.com; 1
rainer.klute@gmx.de; 1
tryderjr@gmail.com; 1
mozilla@dauth.de; 1
mozilla.org@gameparadise.net; 1
andr55@laposte.net; 1
brian@briandale.co.uk; 1
andrew@livenowlovenowhealnow.co.uk; 1
note6673@pm.me; 1
pierre.juhen@orange.fr; 1
rpgd60@yahoo.com; 1
sb@litepc.com; 1
rvaldes@labsys.com; 1
salsbin@mail.com; 1
press@zevrix.com; 1
phubertgm@gmail.com; 1
raysatiro@yahoo.com; 1
tom.brueckner@gmx.net; 1
gbl954@comcast.net; 1
minimumlaw@rambler.ru; 1
srrbvdwl@gmail.com; 1
italo@vignoli.org; 1
klaus.bartosch@gmail.com; 1
seb128@ubuntu.com; 1
sf@his-concepts.de; 1
daviswill048@icloud.com; 1
thamme@glastender.com; 1
wieland.schwinger@jku.at; 1
cvitalos@yahoo.com; 1
jake@qzdesign.co.uk; 1
bugmenot@mailtothis.com; 1
dale@codefu.org; 1
k.wuestermann@gmx.de; 1
km.a1@outlook.com; 1
chriechers@netscape.net; 1
axelheider@gmx.de; 1
mozilla.org@timur.tabi.org; 1
Friedbert.Widmann@gmx.de; 1
ade26y@yahoo.com; 1
jose@bmo.anonaddy.com; 1
cn@brain-biotech.com; 1
davmac@davmac.org; 1
seifert@alesak.net; 1
dave@labrecquecreativesound.com; 1
cnieblaogorman@yahoo.com; 1
alan.fisk@alanfisk.com; 1
jan@ikenmeyer.eu; 1
kirk.86@aol.com; 1
mike.roswell@gmail.com; 1
stransky@redhat.com; 1
rllobera@greenpeace.org; 1
ralphwalsh@bigpond.com; 1
alice0775@gmail.com; 1
paul@obs.co.uk; 1
uwe@boris-nbg.de; 1
url@sonn.at; 1
garkalinaa@ya.ru; 1
oleksiy.stasevych@gmail.com; 1
marcin@marcinwilk.eu; 1
celian.godefroid@kalytis.gg; 1
xanlorimer@gmail.com; 1
godenny@comcast.net; 1
rodintsis@brocom.de; 1
mikekaganski@gmail.com; 1
bugzilla@wuebker.com; 1
dwreski@guardiandigital.com; 1
denis.pasques@communi-mage.com; 1
mbw@uw.edu; 1
skmdvali46@gmail.com; 1
raffi.enficiaud@mines-paris.org; 1
eezacque@ziggo.nl; 1
alan@asandco.co.uk; 1
stevewoolleysr@gmail.com; 1
londonhardcoreraver@hotmail.com; 1
juippis@gmail.com; 1
athorcis@yahoo.fr; 1
horst@agoracon.at; 1
hans.peyrot@gmail.com; 1
robkam@gmx.com; 1
lukec2@yahoo.it; 1
martin@humanoids.be; 1
muellermeister@gmail.com; 1
ragnar.rulez@gmx.de; 1
janek.prange@iuk.lst.niedersachsen.de; 1
elizabeth@thunderbird.net; 1
linus.kardell@gmail.com; 1
leo@traussnigg.com; 1
thunderbirdbeta@ade.to; 1
daniel.bonner@futurehealth.org.au; 1
aros@gmx.com; 1
RickSparky@yahoo.com; 1
dannyfox@pmtech.ca; 1
regis.houssin@gmail.com; 1
bodorweb2015@gmail.com; 1
g.gruber_lesich@gmx.net; 1
r.pietrini@pm.univpm.it; 1
reqman@freemail.gr; 1
hj@vomland.com; 1
ff22@nick14.com; 1
docorbit@sonic.net; 1
wb8uoj@frontier.com; 1
kayvax@gmail.com; 1
bugzilla.mozilla.org-mail@nils.toedtmann.net; 1
howardruss@pm.me; 1
yo@ignasi.com; 1
xw_cht.y@live.cn; 1
simon_sheppard@hotmail.com; 1
robert@deterset.com; 1
raal@post.cz; 1
ghazi.nocturne@gmail.com; 1
github@homemp3.dyndns.org; 1
pete@w8krr.com; 1
standard8@mozilla.com; 1
REX@THEATRELIGHT.CO.NZ; 1
codename@verizon.net; 1
axelgross@gmail.com; 1
jirislaby@gmail.com; 1
maxim.mvk@gmail.com; 1
lm2@netc.fr; 1
colip@bluewin.ch; 1
remic152@gmail.com; 1
siffe@fastmail.com; 1
eyadlorenzo@gmail.com; 1
suokunlong@126.com; 1
pascal.bryner@hostpoint.ch; 1
dquiros@dquiros.com; 1
maitre@infomaster.fr; 1
RonGrandeOurse@gmail.com; 1
ar.community@devnco.fr; 1
admin@beerli.org; 1
bednarczyk.pawel@outlook.com; 1
u731000@disabled.tld; 1
celsopr@gmail.com; 1
s.taylor6924@gmail.com; 1
claytone@duck.com; 1
milakam@eclipso.de; 1
flklb-bugs@t-online.de; 1
mkchristeson@gmail.com; 1
gijskruitbosch+bugs@gmail.com; 1
justin.zobel@gmail.com; 1
daniel@thunderbird.net; 1
coteco7872@mailon.ws; 1
david@subjectivist.org; 1
yosukematsumura@gmail.com; 1
micha@nan-dev.de; 1
marcin@juszkiewicz.com.pl; 1
bugzilla@a.ygoe.de; 1
giunta.gaetano@gmail.com; 1
rudolf.lechleitner@chello.at; 1
pmenzel+bugzilla.mozilla.org@molgen.mpg.de; 1
sebastian.kutter98@googlemail.com; 1
maddock.evan@vivaldi.net; 1
rob@thunderbird.net; 1
muffster58@hotmail.com; 1
emir_sari@icloud.com; 1
PAuerbach@yahoo.com; 1
eqconsulting@essencequest.com; 1
hrdubwd@hku.hk; 1
ilmari.lauhakangas@libreoffice.org; 1
tim.chambers1968@gmail.com; 1
sergeikucherov@comcast.net; 1
ssl@slabihoud.de; 1
leonardpennock@cox.net; 1
drz@zacharysarver.net; 1
shahed32156@gmail.com; 1
fabian.dellwing@mbconnectline.de; 1
muktadir1280@gmail.com; 1
rabboi007@gmail.com; 1
a3n322@gmail.com; 1
Robert_Hartmann@gmx.net; 1
moongate@moongate.ro; 1
roneo+dev@riseup.net; 1


Testing Infrastructure
================================================================================
geoff@thunderbird.net; 33
rob@thunderbird.net; 28
mkmelin+mozilla@iki.fi; 5
u695164@disabled.tld; 5
ewong@pw-wspx.org; 2
alessandro@thunderbird.net; 2
martin@humanoids.be; 2
vseerror@fastmail.com; 2
mconley@mozilla.com; 1
jorgk-bmo@jorgk.com; 1
samuel.thibault@ens-lyon.org; 1
pulsebot@bmo.tld; 1
richard.marti@gmail.com; 1
ishikawa@yk.rim.or.jp; 1
benc@thunderbird.net; 1
mgoossens@mozilla.com; 1
csabou@mozilla.com; 1


Disability Access
================================================================================
alessandro@thunderbird.net; 13
mkmelin+mozilla@iki.fi; 10
vseerror@fastmail.com; 8
richard.marti@gmail.com; 7
solange@thunderbird.net; 6
bugzilla2007@duellmann24.net; 5
ali-savas@gmx.de; 5
elizabeth@thunderbird.net; 4
marco.zehe@proton.me; 3
henry@torproject.org; 3
jdiggs@igalia.com; 1
khushil324@gmail.com; 1
mz+bugzilla@px.in.ua; 1
erwinm@alumni.beloit.edu; 1
unicorn.consulting@gmail.com; 1
rob@thunderbird.net; 1
geoff@thunderbird.net; 1
standard8@mozilla.com; 1


Instant Messaging
================================================================================
martin@humanoids.be; 63
clokep@patrick.cloke.us; 30
khushil324@gmail.com; 13
mkmelin+mozilla@iki.fi; 11
richard.marti@gmail.com; 8
alessandro@thunderbird.net; 3
vseerror@fastmail.com; 3
i2nm5ho7a@relay.firefox.com; 2
mz+bugzilla@px.in.ua; 2
geoff@thunderbird.net; 2
jorgk-bmo@jorgk.com; 1
florian@mozilla.com; 1
wls220spring@gmail.com; 1
henry@torproject.org; 1
jonathan.brielmaier@web.de; 1
dveditz@mozilla.com; 1
fernm@posteo.de; 1
ljcool2006@gmail.com; 1


Upstream Synchronization
================================================================================
richard.marti@gmail.com; 170
geoff@thunderbird.net; 138
rob@thunderbird.net; 119
mkmelin+mozilla@iki.fi; 100
martin@humanoids.be; 44
john@thunderbird.net; 16
daniel@thunderbird.net; 15
alessandro@thunderbird.net; 13
remotenonsense@gmail.com; 4
pulsebot@bmo.tld; 4
benc@thunderbird.net; 3
rachel@betterbird.eu; 3
leftmostcat@gmail.com; 3
henry@torproject.org; 2
lasana@thunderbird.net; 2
emilio@crisal.io; 2
kaie@kuix.de; 2
acelists@atlas.sk; 1
i2nm5ho7a@relay.firefox.com; 1
arshdkhn1@gmail.com; 1
standard8@mozilla.com; 1
mozilla@kaply.com; 1
it@henk.com.au; 1
addons@jorgk.com; 1
jmaher@mozilla.com; 1
riasangwan1999@gmail.com; 1
mathieu@mozilla.com; 1
u695164@disabled.tld; 1
florian@mozilla.com; 1
barbara@pep-project.org; 1
alwu@mozilla.com; 1
jdescottes@mozilla.com; 1
elizabeth@thunderbird.net; 1
ikey@thunderbird.net; 1
solange@thunderbird.net; 1
brendan@thunderbird.net; 1


L10n
================================================================================
rob@thunderbird.net; 6
martin@humanoids.be; 2
theo@mozillafoundation.org; 1
release-mgmt-account-bot@mozilla.tld; 1
sancus@pobox.com; 1
vseerror@fastmail.com; 1
brendan@thunderbird.net; 1
unghost@mozilla-russia.org; 1


